<?xml version="1.0" encoding="UTF-8"?>
<!-- Generated by org.testng.reporters.JUnitXMLReporter -->
<testsuite hostname="DESKTOP-B75F35K" ignored="0" name="Default test" tests="9" failures="0" timestamp="30 Oct 2018 07:29:28 GMT" time="74.038" errors="0">
  <testcase name="ValidateLogin" time="15.099" classname="smokeTest.ValidateSmokeTest"/>
  <testcase name="ValidateMarkITPlacePage" time="2.442" classname="smokeTest.ValidateSmokeTest"/>
  <testcase name="ValidateManageTab" time="6.584" classname="smokeTest.ValidateSmokeTest"/>
  <testcase name="ValidateInsightTab" time="6.923" classname="smokeTest.ValidateSmokeTest"/>
  <testcase name="ValidateNotificationPage" time="6.815" classname="smokeTest.ValidateSmokeTest"/>
  <testcase name="ValidateLogo" time="6.96" classname="smokeTest.ValidateSmokeTest"/>
  <testcase name="ValidateLogout" time="11.821" classname="smokeTest.ValidateSmokeTest"/>
  <testcase name="ValidateForgetPswd" time="9.018" classname="smokeTest.ValidateSmokeTest"/>
  <testcase name="ValidateRegPage" time="8.319" classname="smokeTest.ValidateSmokeTest"/>
</testsuite> <!-- Default test -->
