<?xml version="1.0" encoding="UTF-8"?>
<!-- Generated by org.testng.reporters.JUnitXMLReporter -->
<testsuite hostname="DESKTOP-B75F35K" ignored="2" name="Default test" tests="20" failures="0" timestamp="02 Nov 2018 07:23:49 GMT" time="134.397" errors="0">
  <testcase name="ValidateLogin" time="13.283" classname="smokeTest.ValidateSmokeTest"/>
  <testcase name="ValidateMarkITPlacePage" time="4.269" classname="smokeTest.ValidateSmokeTest"/>
  <testcase name="ValidateManageTab" time="4.212" classname="smokeTest.ValidateSmokeTest"/>
  <testcase name="ValidateInsightTab" time="4.871" classname="smokeTest.ValidateSmokeTest"/>
  <testcase name="ValidateNotificationPage" time="3.9" classname="smokeTest.ValidateSmokeTest"/>
  <testcase name="ValidateLogo" time="7.209" classname="smokeTest.ValidateSmokeTest"/>
  <testcase name="ValidateMyProfile" time="10.141" classname="smokeTest.ValidateSmokeTest"/>
  <testcase name="ValidateEditProfile" time="8.845" classname="smokeTest.ValidateSmokeTest"/>
  <testcase name="ValidateChangePassword" time="9.694" classname="smokeTest.ValidateSmokeTest"/>
  <testcase name="ValidateAccountSettings" time="3.809" classname="smokeTest.ValidateSmokeTest"/>
  <testcase name="ValidateCatalogRestriction" time="3.744" classname="smokeTest.ValidateSmokeTest"/>
  <testcase name="ValidateDomainLink" time="3.856" classname="smokeTest.ValidateSmokeTest"/>
  <testcase name="ValidateSetNotifications" time="12.134" classname="smokeTest.ValidateSmokeTest"/>
  <testcase name="ValidateAddressPage" time="8.306" classname="smokeTest.ValidateSmokeTest"/>
  <testcase name="ValidateUsersPage" time="10.186" classname="smokeTest.ValidateSmokeTest"/>
  <testcase name="ValidateRequestTab" time="2.651" classname="smokeTest.ValidateSmokeTest"/>
  <testcase name="ValidateInviteTab" time="2.551" classname="smokeTest.ValidateSmokeTest"/>
  <testcase name="ValidateLogout" time="4.989" classname="smokeTest.ValidateSmokeTest"/>
  <testcase name="ValidateForgetPswd" time="10.389" classname="smokeTest.ValidateSmokeTest"/>
  <testcase name="ValidateRegPage" time="5.304" classname="smokeTest.ValidateSmokeTest"/>
  <testcase name="ValidateLoginUser" time="0.0" classname="smokeTest.ValidateSmokeTest">
    <ignored/>
  </testcase> <!-- ValidateLoginUser -->
  <testcase name="ValidateMyAccountList" time="0.0" classname="smokeTest.ValidateSmokeTest">
    <ignored/>
  </testcase> <!-- ValidateMyAccountList -->
</testsuite> <!-- Default test -->
