<?xml version="1.0" encoding="UTF-8"?>
<!-- Generated by org.testng.reporters.JUnitXMLReporter -->
<testsuite hostname="DESKTOP-B75F35K" ignored="3" name="Default test" tests="19" failures="0" timestamp="16 Nov 2018 03:28:57 GMT" time="-29.381" errors="0">
  <testcase name="ValidateLogin" time="14.771" classname="smokeTest.ValidateSmokeTest"/>
  <testcase name="ValidateMarkITPlacePage" time="4.052" classname="smokeTest.ValidateSmokeTest"/>
  <testcase name="ValidateManageTab" time="4.31" classname="smokeTest.ValidateSmokeTest"/>
  <testcase name="ValidateInsightTab" time="4.586" classname="smokeTest.ValidateSmokeTest"/>
  <testcase name="ValidateNotificationPage" time="3.734" classname="smokeTest.ValidateSmokeTest"/>
  <testcase name="ValidateLogo" time="7.23" classname="smokeTest.ValidateSmokeTest"/>
  <testcase name="ValidateMyProfile" time="338.711" classname="smokeTest.ValidateSmokeTest"/>
  <testcase name="ValidateEditProfile" time="8.638" classname="smokeTest.ValidateSmokeTest"/>
  <testcase name="ValidateChangePassword" time="8.236" classname="smokeTest.ValidateSmokeTest"/>
  <testcase name="ValidateAccountSettings" time="3.513" classname="smokeTest.ValidateSmokeTest"/>
  <testcase name="ValidateCatalogRestriction" time="3.465" classname="smokeTest.ValidateSmokeTest"/>
  <testcase name="ValidateDomainLink" time="3.56" classname="smokeTest.ValidateSmokeTest"/>
  <testcase name="ValidateAddressPage" time="-473.924" classname="smokeTest.ValidateSmokeTest"/>
  <testcase name="ValidateUsersPage" time="10.201" classname="smokeTest.ValidateSmokeTest"/>
  <testcase name="ValidateRequestTab" time="3.66" classname="smokeTest.ValidateSmokeTest"/>
  <testcase name="ValidateInviteTab" time="2.59" classname="smokeTest.ValidateSmokeTest"/>
  <testcase name="ValidateLogout" time="5.083" classname="smokeTest.ValidateSmokeTest"/>
  <testcase name="ValidateForgetPswd" time="11.373" classname="smokeTest.ValidateSmokeTest"/>
  <testcase name="ValidateRegPage" time="6.768" classname="smokeTest.ValidateSmokeTest"/>
  <testcase name="ValidateSetNotifications" time="0.0" classname="smokeTest.ValidateSmokeTest">
    <ignored/>
  </testcase> <!-- ValidateSetNotifications -->
  <testcase name="ValidateLoginUser" time="0.0" classname="smokeTest.ValidateSmokeTest">
    <ignored/>
  </testcase> <!-- ValidateLoginUser -->
  <testcase name="ValidateMyAccountList" time="0.0" classname="smokeTest.ValidateSmokeTest">
    <ignored/>
  </testcase> <!-- ValidateMyAccountList -->
</testsuite> <!-- Default test -->
