<?xml version="1.0" encoding="UTF-8"?>
<testng-results skipped="0" failed="0" ignored="2" total="22" passed="20">
  <reporter-output>
  </reporter-output>
  <suite name="Default suite" duration-ms="127745" started-at="2018-11-13T08:36:26Z" finished-at="2018-11-13T08:38:34Z">
    <groups>
    </groups>
    <test name="Default test" duration-ms="127745" started-at="2018-11-13T08:36:26Z" finished-at="2018-11-13T08:38:34Z">
      <class name="smokeTest.ValidateSmokeTest">
        <test-method status="PASS" signature="ValidateLogin()[pri:0, instance:smokeTest.ValidateSmokeTest@65466a6a]" name="ValidateLogin" duration-ms="12443" started-at="2018-11-13T13:36:26Z" finished-at="2018-11-13T13:36:39Z">
          <reporter-output>
          </reporter-output>
        </test-method> <!-- ValidateLogin -->
        <test-method status="PASS" signature="ValidateMarkITPlacePage()[pri:1, instance:smokeTest.ValidateSmokeTest@65466a6a]" name="ValidateMarkITPlacePage" duration-ms="4212" started-at="2018-11-13T13:36:39Z" depends-on-methods="smokeTest.ValidateSmokeTest.ValidateLogin" finished-at="2018-11-13T13:36:43Z">
          <reporter-output>
          </reporter-output>
        </test-method> <!-- ValidateMarkITPlacePage -->
        <test-method status="PASS" signature="ValidateManageTab()[pri:2, instance:smokeTest.ValidateSmokeTest@65466a6a]" name="ValidateManageTab" duration-ms="4303" started-at="2018-11-13T13:36:43Z" depends-on-methods="smokeTest.ValidateSmokeTest.ValidateLogin" finished-at="2018-11-13T13:36:47Z">
          <reporter-output>
          </reporter-output>
        </test-method> <!-- ValidateManageTab -->
        <test-method status="PASS" signature="ValidateInsightTab()[pri:3, instance:smokeTest.ValidateSmokeTest@65466a6a]" name="ValidateInsightTab" duration-ms="4566" started-at="2018-11-13T13:36:47Z" depends-on-methods="smokeTest.ValidateSmokeTest.ValidateLogin" finished-at="2018-11-13T13:36:52Z">
          <reporter-output>
          </reporter-output>
        </test-method> <!-- ValidateInsightTab -->
        <test-method status="PASS" signature="ValidateNotificationPage()[pri:4, instance:smokeTest.ValidateSmokeTest@65466a6a]" name="ValidateNotificationPage" duration-ms="3666" started-at="2018-11-13T13:36:52Z" depends-on-methods="smokeTest.ValidateSmokeTest.ValidateLogin" finished-at="2018-11-13T13:36:55Z">
          <reporter-output>
          </reporter-output>
        </test-method> <!-- ValidateNotificationPage -->
        <test-method status="PASS" signature="ValidateLogo()[pri:5, instance:smokeTest.ValidateSmokeTest@65466a6a]" name="ValidateLogo" duration-ms="6770" started-at="2018-11-13T13:36:55Z" depends-on-methods="smokeTest.ValidateSmokeTest.ValidateLogin" finished-at="2018-11-13T13:37:02Z">
          <reporter-output>
          </reporter-output>
        </test-method> <!-- ValidateLogo -->
        <test-method status="PASS" signature="ValidateMyProfile()[pri:6, instance:smokeTest.ValidateSmokeTest@65466a6a]" name="ValidateMyProfile" duration-ms="10280" started-at="2018-11-13T13:37:02Z" depends-on-methods="smokeTest.ValidateSmokeTest.ValidateLogin" finished-at="2018-11-13T13:37:13Z">
          <reporter-output>
          </reporter-output>
        </test-method> <!-- ValidateMyProfile -->
        <test-method status="PASS" signature="ValidateEditProfile()[pri:7, instance:smokeTest.ValidateSmokeTest@65466a6a]" name="ValidateEditProfile" duration-ms="8606" started-at="2018-11-13T13:37:13Z" depends-on-methods="smokeTest.ValidateSmokeTest.ValidateLogin" finished-at="2018-11-13T13:37:21Z">
          <reporter-output>
          </reporter-output>
        </test-method> <!-- ValidateEditProfile -->
        <test-method status="PASS" signature="ValidateChangePassword()[pri:8, instance:smokeTest.ValidateSmokeTest@65466a6a]" name="ValidateChangePassword" duration-ms="8269" started-at="2018-11-13T13:37:21Z" depends-on-methods="smokeTest.ValidateSmokeTest.ValidateLogin" finished-at="2018-11-13T13:37:29Z">
          <reporter-output>
          </reporter-output>
        </test-method> <!-- ValidateChangePassword -->
        <test-method status="PASS" signature="ValidateAccountSettings()[pri:9, instance:smokeTest.ValidateSmokeTest@65466a6a]" name="ValidateAccountSettings" duration-ms="3657" started-at="2018-11-13T13:37:29Z" depends-on-methods="smokeTest.ValidateSmokeTest.ValidateLogin" finished-at="2018-11-13T13:37:33Z">
          <reporter-output>
          </reporter-output>
        </test-method> <!-- ValidateAccountSettings -->
        <test-method status="PASS" signature="ValidateCatalogRestriction()[pri:10, instance:smokeTest.ValidateSmokeTest@65466a6a]" name="ValidateCatalogRestriction" duration-ms="3521" started-at="2018-11-13T13:37:33Z" depends-on-methods="smokeTest.ValidateSmokeTest.ValidateLogin" finished-at="2018-11-13T13:37:37Z">
          <reporter-output>
          </reporter-output>
        </test-method> <!-- ValidateCatalogRestriction -->
        <test-method status="PASS" signature="ValidateDomainLink()[pri:11, instance:smokeTest.ValidateSmokeTest@65466a6a]" name="ValidateDomainLink" duration-ms="3713" started-at="2018-11-13T13:37:37Z" depends-on-methods="smokeTest.ValidateSmokeTest.ValidateLogin" finished-at="2018-11-13T13:37:40Z">
          <reporter-output>
          </reporter-output>
        </test-method> <!-- ValidateDomainLink -->
        <test-method status="PASS" signature="ValidateSetNotifications()[pri:12, instance:smokeTest.ValidateSmokeTest@65466a6a]" name="ValidateSetNotifications" duration-ms="11026" started-at="2018-11-13T13:37:40Z" depends-on-methods="smokeTest.ValidateSmokeTest.ValidateLogin" finished-at="2018-11-13T13:37:51Z">
          <reporter-output>
          </reporter-output>
        </test-method> <!-- ValidateSetNotifications -->
        <test-method status="PASS" signature="ValidateAddressPage()[pri:13, instance:smokeTest.ValidateSmokeTest@65466a6a]" name="ValidateAddressPage" duration-ms="7243" started-at="2018-11-13T13:37:51Z" depends-on-methods="smokeTest.ValidateSmokeTest.ValidateLogin" finished-at="2018-11-13T13:37:59Z">
          <reporter-output>
          </reporter-output>
        </test-method> <!-- ValidateAddressPage -->
        <test-method status="PASS" signature="ValidateUsersPage()[pri:14, instance:smokeTest.ValidateSmokeTest@65466a6a]" name="ValidateUsersPage" duration-ms="10234" started-at="2018-11-13T13:37:59Z" depends-on-methods="smokeTest.ValidateSmokeTest.ValidateLogin" finished-at="2018-11-13T13:38:09Z">
          <reporter-output>
          </reporter-output>
        </test-method> <!-- ValidateUsersPage -->
        <test-method status="PASS" signature="ValidateRequestTab()[pri:15, instance:smokeTest.ValidateSmokeTest@65466a6a]" name="ValidateRequestTab" duration-ms="2578" started-at="2018-11-13T13:38:09Z" depends-on-methods="smokeTest.ValidateSmokeTest.ValidateLogin" finished-at="2018-11-13T13:38:11Z">
          <reporter-output>
          </reporter-output>
        </test-method> <!-- ValidateRequestTab -->
        <test-method status="PASS" signature="ValidateInviteTab()[pri:16, instance:smokeTest.ValidateSmokeTest@65466a6a]" name="ValidateInviteTab" duration-ms="2559" started-at="2018-11-13T13:38:11Z" depends-on-methods="smokeTest.ValidateSmokeTest.ValidateLogin" finished-at="2018-11-13T13:38:14Z">
          <reporter-output>
          </reporter-output>
        </test-method> <!-- ValidateInviteTab -->
        <test-method status="PASS" signature="ValidateLogout()[pri:17, instance:smokeTest.ValidateSmokeTest@65466a6a]" name="ValidateLogout" duration-ms="4821" started-at="2018-11-13T13:38:14Z" depends-on-methods="smokeTest.ValidateSmokeTest.ValidateLogin" finished-at="2018-11-13T13:38:19Z">
          <reporter-output>
          </reporter-output>
        </test-method> <!-- ValidateLogout -->
        <test-method status="PASS" signature="ValidateForgetPswd()[pri:18, instance:smokeTest.ValidateSmokeTest@65466a6a]" name="ValidateForgetPswd" duration-ms="10095" started-at="2018-11-13T13:38:19Z" depends-on-methods="smokeTest.ValidateSmokeTest.ValidateLogin" finished-at="2018-11-13T13:38:29Z">
          <reporter-output>
          </reporter-output>
        </test-method> <!-- ValidateForgetPswd -->
        <test-method status="PASS" signature="ValidateRegPage()[pri:19, instance:smokeTest.ValidateSmokeTest@65466a6a]" name="ValidateRegPage" duration-ms="5093" started-at="2018-11-13T13:38:29Z" depends-on-methods="smokeTest.ValidateSmokeTest.ValidateLogin" finished-at="2018-11-13T13:38:34Z">
          <reporter-output>
          </reporter-output>
        </test-method> <!-- ValidateRegPage -->
        <test-method status="PASS" signature="closebrowser()[pri:0, instance:smokeTest.ValidateSmokeTest@65466a6a]" name="closebrowser" is-config="true" duration-ms="41" started-at="2018-11-13T13:38:34Z" finished-at="2018-11-13T13:38:34Z">
          <reporter-output>
          </reporter-output>
        </test-method> <!-- closebrowser -->
      </class> <!-- smokeTest.ValidateSmokeTest -->
    </test> <!-- Default test -->
  </suite> <!-- Default suite -->
</testng-results>
